<?xml version="1.0" encoding="UTF-8"?>
<testsuite name="fizz_buzz.FizzBuzzTest" tests="5" skipped="0" failures="0" errors="0" timestamp="2019-05-21T12:23:49" hostname="hohman-Oryx-Pro" time="0.006">
  <properties/>
  <testcase name="fizzBuzzForFactorsOfThreeAndFive" classname="fizz_buzz.FizzBuzzTest" time="0.004"/>
  <testcase name="fizzForFactorsOfThree" classname="fizz_buzz.FizzBuzzTest" time="0.0"/>
  <testcase name="theNumberWhenNotAFactorOfThreeOrFive" classname="fizz_buzz.FizzBuzzTest" time="0.0"/>
  <testcase name="handlesAllTheNumbers" classname="fizz_buzz.FizzBuzzTest" time="0.0"/>
  <testcase name="buzzForFactorsOfFive" classname="fizz_buzz.FizzBuzzTest" time="0.0"/>
  <system-out><![CDATA[]]></system-out>
  <system-err><![CDATA[]]></system-err>
</testsuite>
